<?xml version="1.0" encoding="UTF-8"?>
<!-- Generated by org.testng.reporters.JUnitReportReporter -->
<testsuite hostname="Oleksandrs-MacBook-Pro-2.local" failures="0" tests="1" name="ApiWeatherTest" time="2.521" errors="0" timestamp="15 Aug 2019 03:59:06 GMT" skipped="0">
  <testcase classname="ApiWeatherTest" name="testApiWeather" time="2.521"/>
</testsuite> <!-- ApiWeatherTest -->
